2017/07/21 23:58:33 [error] 13839#13839: *6 open() "/srv/http/canvass-ui/public/public/images/hcl-logo.svg" failed (2: No such file or directory), client: 127.0.0.1, server: canvass-ui.dev, request: "GET /public/images/hcl-logo.svg HTTP/1.1", host: "canvass-ui.dev", referrer: "http://canvass-ui.dev/"
2017/07/21 23:58:57 [error] 13839#13839: *1 open() "/srv/http/canvass-ui/public/public/images/hcl-logo.svg" failed (2: No such file or directory), client: 127.0.0.1, server: canvass-ui.dev, request: "GET /public/images/hcl-logo.svg HTTP/1.1", host: "canvass-ui.dev", referrer: "http://canvass-ui.dev/"
2017/07/21 23:58:58 [error] 13839#13839: *1 open() "/srv/http/canvass-ui/public/public/images/hcl-logo.svg" failed (2: No such file or directory), client: 127.0.0.1, server: canvass-ui.dev, request: "GET /public/images/hcl-logo.svg HTTP/1.1", host: "canvass-ui.dev", referrer: "http://canvass-ui.dev/"
2017/07/22 00:44:29 [error] 13839#13839: *17 open() "/srv/http/canvass-ui/public/public/images/hcl-logo.svg" failed (2: No such file or directory), client: 127.0.0.1, server: canvass-ui.dev, request: "GET /public/images/hcl-logo.svg HTTP/1.1", host: "canvass-ui.dev", referrer: "http://canvass-ui.dev/"
2017/07/22 00:44:29 [error] 13839#13839: *17 open() "/srv/http/canvass-ui/public/public/images/hcl-logo.svg" failed (2: No such file or directory), client: 127.0.0.1, server: canvass-ui.dev, request: "GET /public/images/hcl-logo.svg HTTP/1.1", host: "canvass-ui.dev", referrer: "http://canvass-ui.dev/"
2017/07/22 00:44:33 [error] 13839#13839: *17 open() "/srv/http/canvass-ui/public/public/images/hcl-logo.svg" failed (2: No such file or directory), client: 127.0.0.1, server: canvass-ui.dev, request: "GET /public/images/hcl-logo.svg HTTP/1.1", host: "canvass-ui.dev", referrer: "http://canvass-ui.dev/"
2017/07/22 00:44:33 [error] 13839#13839: *17 open() "/srv/http/canvass-ui/public/public/images/hcl-logo.svg" failed (2: No such file or directory), client: 127.0.0.1, server: canvass-ui.dev, request: "GET /public/images/hcl-logo.svg HTTP/1.1", host: "canvass-ui.dev", referrer: "http://canvass-ui.dev/"
2017/07/22 00:45:10 [error] 13839#13839: *17 open() "/srv/http/canvass-ui/public/public/images/hcl-logo.svg" failed (2: No such file or directory), client: 127.0.0.1, server: canvass-ui.dev, request: "GET /public/images/hcl-logo.svg HTTP/1.1", host: "canvass-ui.dev", referrer: "http://canvass-ui.dev/"
2017/07/22 00:45:11 [error] 13839#13839: *17 open() "/srv/http/canvass-ui/public/public/images/hcl-logo.svg" failed (2: No such file or directory), client: 127.0.0.1, server: canvass-ui.dev, request: "GET /public/images/hcl-logo.svg HTTP/1.1", host: "canvass-ui.dev", referrer: "http://canvass-ui.dev/"
2017/07/22 00:45:45 [error] 13839#13839: *17 open() "/srv/http/canvass-ui/public/public/images/hcl-logo.svg" failed (2: No such file or directory), client: 127.0.0.1, server: canvass-ui.dev, request: "GET /public/images/hcl-logo.svg HTTP/1.1", host: "canvass-ui.dev", referrer: "http://canvass-ui.dev/"
2017/07/22 00:45:45 [error] 13839#13839: *17 open() "/srv/http/canvass-ui/public/public/images/hcl-logo.svg" failed (2: No such file or directory), client: 127.0.0.1, server: canvass-ui.dev, request: "GET /public/images/hcl-logo.svg HTTP/1.1", host: "canvass-ui.dev", referrer: "http://canvass-ui.dev/"
2017/07/22 00:45:55 [error] 13839#13839: *17 open() "/srv/http/canvass-ui/public/public/images/hcl-logo.svg" failed (2: No such file or directory), client: 127.0.0.1, server: canvass-ui.dev, request: "GET /public/images/hcl-logo.svg HTTP/1.1", host: "canvass-ui.dev", referrer: "http://canvass-ui.dev/"
2017/07/22 00:45:55 [error] 13839#13839: *17 open() "/srv/http/canvass-ui/public/public/images/hcl-logo.svg" failed (2: No such file or directory), client: 127.0.0.1, server: canvass-ui.dev, request: "GET /public/images/hcl-logo.svg HTTP/1.1", host: "canvass-ui.dev", referrer: "http://canvass-ui.dev/"
2017/07/22 00:46:30 [error] 13839#13839: *17 FastCGI sent in stderr: "PHP message: PHP Fatal error:  Uncaught UnexpectedValueException: The stream or file "/srv/http/canvass-ui/storage/logs/laravel.log" could not be opened: failed to open stream: Permission denied in /srv/http/canvass-ui/vendor/monolog/monolog/src/Monolog/Handler/StreamHandler.php:107
Stack trace:
#0 /srv/http/canvass-ui/vendor/monolog/monolog/src/Monolog/Handler/AbstractProcessingHandler.php(37): Monolog\Handler\StreamHandler->write(Array)
#1 /srv/http/canvass-ui/vendor/monolog/monolog/src/Monolog/Logger.php(337): Monolog\Handler\AbstractProcessingHandler->handle(Array)
#2 /srv/http/canvass-ui/vendor/monolog/monolog/src/Monolog/Logger.php(616): Monolog\Logger->addRecord(400, Object(UnexpectedValueException), Array)
#3 /srv/http/canvass-ui/vendor/laravel/framework/src/Illuminate/Log/Writer.php(203): Monolog\Logger->error(Object(UnexpectedValueException), Array)
#4 /srv/http/canvass-ui/vendor/laravel/framework/src/Illuminate/Log/Writer.php(114): Illuminate\Log\Writer->writeLog('error', Object(UnexpectedValue...
PHP message: PHP Fatal error:  Uncaught UnexpectedValueException: The stream or file "/srv/http/canvass-ui/storage/logs/laravel.log" could not be opened: failed to open stream: Permission denied in /srv/http/canvass-ui/vendor/monolog/monolog/src/Monolog/Handler/StreamHandler.php:107
Stack trace:
#0 /srv/http/canvass-ui/vendor/monolog/monolog/src/Monolog/Handler/AbstractProcessingHandler.php(37): Monolog\Handler\StreamHandler->write(Array)
#1 /srv/http/canvass-ui/vendor/monolog/monolog/src/Monolog/Logger.php(337): Monolog\Handler\AbstractProcessingHandler->handle(Array)
#2 /srv/http/canvass-ui/vendor/monolog/monolog/src/Monolog/Logger.php(616): Monolog\Logger->addRecord(400, Object(Symfony\Component\Debug\Exception\FatalErrorException), Array)
#3 /srv/http/canvass-ui/vendor/laravel/framework/src/Illuminate/Log/Writer.php(203): Monolog\Logger->error(Object(Symfony\Component\Debug\Exception\FatalErrorException), Array)
#4 /srv/http/canvass-ui
2017/07/22 00:46:39 [error] 13839#13839: *17 FastCGI sent in stderr: "PHP message: PHP Fatal error:  Uncaught UnexpectedValueException: The stream or file "/srv/http/canvass-ui/storage/logs/laravel.log" could not be opened: failed to open stream: Permission denied in /srv/http/canvass-ui/vendor/monolog/monolog/src/Monolog/Handler/StreamHandler.php:107
Stack trace:
#0 /srv/http/canvass-ui/vendor/monolog/monolog/src/Monolog/Handler/AbstractProcessingHandler.php(37): Monolog\Handler\StreamHandler->write(Array)
#1 /srv/http/canvass-ui/vendor/monolog/monolog/src/Monolog/Logger.php(337): Monolog\Handler\AbstractProcessingHandler->handle(Array)
#2 /srv/http/canvass-ui/vendor/monolog/monolog/src/Monolog/Logger.php(616): Monolog\Logger->addRecord(400, Object(UnexpectedValueException), Array)
#3 /srv/http/canvass-ui/vendor/laravel/framework/src/Illuminate/Log/Writer.php(203): Monolog\Logger->error(Object(UnexpectedValueException), Array)
#4 /srv/http/canvass-ui/vendor/laravel/framework/src/Illuminate/Log/Writer.php(114): Illuminate\Log\Writer->writeLog('error', Object(UnexpectedValue...
PHP message: PHP Fatal error:  Uncaught UnexpectedValueException: The stream or file "/srv/http/canvass-ui/storage/logs/laravel.log" could not be opened: failed to open stream: Permission denied in /srv/http/canvass-ui/vendor/monolog/monolog/src/Monolog/Handler/StreamHandler.php:107
Stack trace:
#0 /srv/http/canvass-ui/vendor/monolog/monolog/src/Monolog/Handler/AbstractProcessingHandler.php(37): Monolog\Handler\StreamHandler->write(Array)
#1 /srv/http/canvass-ui/vendor/monolog/monolog/src/Monolog/Logger.php(337): Monolog\Handler\AbstractProcessingHandler->handle(Array)
#2 /srv/http/canvass-ui/vendor/monolog/monolog/src/Monolog/Logger.php(616): Monolog\Logger->addRecord(400, Object(Symfony\Component\Debug\Exception\FatalErrorException), Array)
#3 /srv/http/canvass-ui/vendor/laravel/framework/src/Illuminate/Log/Writer.php(203): Monolog\Logger->error(Object(Symfony\Component\Debug\Exception\FatalErrorException), Array)
#4 /srv/http/canvass-ui
2017/07/22 00:48:16 [error] 13839#13839: *17 FastCGI sent in stderr: "PHP message: PHP Fatal error:  Uncaught UnexpectedValueException: The stream or file "/srv/http/canvass-ui/storage/logs/laravel.log" could not be opened: failed to open stream: Permission denied in /srv/http/canvass-ui/vendor/monolog/monolog/src/Monolog/Handler/StreamHandler.php:107
Stack trace:
#0 /srv/http/canvass-ui/vendor/monolog/monolog/src/Monolog/Handler/AbstractProcessingHandler.php(37): Monolog\Handler\StreamHandler->write(Array)
#1 /srv/http/canvass-ui/vendor/monolog/monolog/src/Monolog/Logger.php(337): Monolog\Handler\AbstractProcessingHandler->handle(Array)
#2 /srv/http/canvass-ui/vendor/monolog/monolog/src/Monolog/Logger.php(616): Monolog\Logger->addRecord(400, Object(UnexpectedValueException), Array)
#3 /srv/http/canvass-ui/vendor/laravel/framework/src/Illuminate/Log/Writer.php(203): Monolog\Logger->error(Object(UnexpectedValueException), Array)
#4 /srv/http/canvass-ui/vendor/laravel/framework/src/Illuminate/Log/Writer.php(114): Illuminate\Log\Writer->writeLog('error', Object(UnexpectedValue...
PHP message: PHP Fatal error:  Uncaught UnexpectedValueException: The stream or file "/srv/http/canvass-ui/storage/logs/laravel.log" could not be opened: failed to open stream: Permission denied in /srv/http/canvass-ui/vendor/monolog/monolog/src/Monolog/Handler/StreamHandler.php:107
Stack trace:
#0 /srv/http/canvass-ui/vendor/monolog/monolog/src/Monolog/Handler/AbstractProcessingHandler.php(37): Monolog\Handler\StreamHandler->write(Array)
#1 /srv/http/canvass-ui/vendor/monolog/monolog/src/Monolog/Logger.php(337): Monolog\Handler\AbstractProcessingHandler->handle(Array)
#2 /srv/http/canvass-ui/vendor/monolog/monolog/src/Monolog/Logger.php(616): Monolog\Logger->addRecord(400, Object(Symfony\Component\Debug\Exception\FatalErrorException), Array)
#3 /srv/http/canvass-ui/vendor/laravel/framework/src/Illuminate/Log/Writer.php(203): Monolog\Logger->error(Object(Symfony\Component\Debug\Exception\FatalErrorException), Array)
#4 /srv/http/canvass-ui
2017/07/22 00:48:21 [error] 13839#13839: *17 FastCGI sent in stderr: "PHP message: PHP Fatal error:  Uncaught UnexpectedValueException: The stream or file "/srv/http/canvass-ui/storage/logs/laravel.log" could not be opened: failed to open stream: Permission denied in /srv/http/canvass-ui/vendor/monolog/monolog/src/Monolog/Handler/StreamHandler.php:107
Stack trace:
#0 /srv/http/canvass-ui/vendor/monolog/monolog/src/Monolog/Handler/AbstractProcessingHandler.php(37): Monolog\Handler\StreamHandler->write(Array)
#1 /srv/http/canvass-ui/vendor/monolog/monolog/src/Monolog/Logger.php(337): Monolog\Handler\AbstractProcessingHandler->handle(Array)
#2 /srv/http/canvass-ui/vendor/monolog/monolog/src/Monolog/Logger.php(616): Monolog\Logger->addRecord(400, Object(UnexpectedValueException), Array)
#3 /srv/http/canvass-ui/vendor/laravel/framework/src/Illuminate/Log/Writer.php(203): Monolog\Logger->error(Object(UnexpectedValueException), Array)
#4 /srv/http/canvass-ui/vendor/laravel/framework/src/Illuminate/Log/Writer.php(114): Illuminate\Log\Writer->writeLog('error', Object(UnexpectedValue...
PHP message: PHP Fatal error:  Uncaught UnexpectedValueException: The stream or file "/srv/http/canvass-ui/storage/logs/laravel.log" could not be opened: failed to open stream: Permission denied in /srv/http/canvass-ui/vendor/monolog/monolog/src/Monolog/Handler/StreamHandler.php:107
Stack trace:
#0 /srv/http/canvass-ui/vendor/monolog/monolog/src/Monolog/Handler/AbstractProcessingHandler.php(37): Monolog\Handler\StreamHandler->write(Array)
#1 /srv/http/canvass-ui/vendor/monolog/monolog/src/Monolog/Logger.php(337): Monolog\Handler\AbstractProcessingHandler->handle(Array)
#2 /srv/http/canvass-ui/vendor/monolog/monolog/src/Monolog/Logger.php(616): Monolog\Logger->addRecord(400, Object(Symfony\Component\Debug\Exception\FatalErrorException), Array)
#3 /srv/http/canvass-ui/vendor/laravel/framework/src/Illuminate/Log/Writer.php(203): Monolog\Logger->error(Object(Symfony\Component\Debug\Exception\FatalErrorException), Array)
#4 /srv/http/canvass-ui
2017/07/22 00:48:23 [error] 13839#13839: *17 FastCGI sent in stderr: "PHP message: PHP Fatal error:  Uncaught UnexpectedValueException: The stream or file "/srv/http/canvass-ui/storage/logs/laravel.log" could not be opened: failed to open stream: Permission denied in /srv/http/canvass-ui/vendor/monolog/monolog/src/Monolog/Handler/StreamHandler.php:107
Stack trace:
#0 /srv/http/canvass-ui/vendor/monolog/monolog/src/Monolog/Handler/AbstractProcessingHandler.php(37): Monolog\Handler\StreamHandler->write(Array)
#1 /srv/http/canvass-ui/vendor/monolog/monolog/src/Monolog/Logger.php(337): Monolog\Handler\AbstractProcessingHandler->handle(Array)
#2 /srv/http/canvass-ui/vendor/monolog/monolog/src/Monolog/Logger.php(616): Monolog\Logger->addRecord(400, Object(UnexpectedValueException), Array)
#3 /srv/http/canvass-ui/vendor/laravel/framework/src/Illuminate/Log/Writer.php(203): Monolog\Logger->error(Object(UnexpectedValueException), Array)
#4 /srv/http/canvass-ui/vendor/laravel/framework/src/Illuminate/Log/Writer.php(114): Illuminate\Log\Writer->writeLog('error', Object(UnexpectedValue...
PHP message: PHP Fatal error:  Uncaught UnexpectedValueException: The stream or file "/srv/http/canvass-ui/storage/logs/laravel.log" could not be opened: failed to open stream: Permission denied in /srv/http/canvass-ui/vendor/monolog/monolog/src/Monolog/Handler/StreamHandler.php:107
Stack trace:
#0 /srv/http/canvass-ui/vendor/monolog/monolog/src/Monolog/Handler/AbstractProcessingHandler.php(37): Monolog\Handler\StreamHandler->write(Array)
#1 /srv/http/canvass-ui/vendor/monolog/monolog/src/Monolog/Logger.php(337): Monolog\Handler\AbstractProcessingHandler->handle(Array)
#2 /srv/http/canvass-ui/vendor/monolog/monolog/src/Monolog/Logger.php(616): Monolog\Logger->addRecord(400, Object(Symfony\Component\Debug\Exception\FatalErrorException), Array)
#3 /srv/http/canvass-ui/vendor/laravel/framework/src/Illuminate/Log/Writer.php(203): Monolog\Logger->error(Object(Symfony\Component\Debug\Exception\FatalErrorException), Array)
#4 /srv/http/canvass-ui
2017/07/22 00:48:24 [error] 13839#13839: *17 FastCGI sent in stderr: "PHP message: PHP Fatal error:  Uncaught UnexpectedValueException: The stream or file "/srv/http/canvass-ui/storage/logs/laravel.log" could not be opened: failed to open stream: Permission denied in /srv/http/canvass-ui/vendor/monolog/monolog/src/Monolog/Handler/StreamHandler.php:107
Stack trace:
#0 /srv/http/canvass-ui/vendor/monolog/monolog/src/Monolog/Handler/AbstractProcessingHandler.php(37): Monolog\Handler\StreamHandler->write(Array)
#1 /srv/http/canvass-ui/vendor/monolog/monolog/src/Monolog/Logger.php(337): Monolog\Handler\AbstractProcessingHandler->handle(Array)
#2 /srv/http/canvass-ui/vendor/monolog/monolog/src/Monolog/Logger.php(616): Monolog\Logger->addRecord(400, Object(UnexpectedValueException), Array)
#3 /srv/http/canvass-ui/vendor/laravel/framework/src/Illuminate/Log/Writer.php(203): Monolog\Logger->error(Object(UnexpectedValueException), Array)
#4 /srv/http/canvass-ui/vendor/laravel/framework/src/Illuminate/Log/Writer.php(114): Illuminate\Log\Writer->writeLog('error', Object(UnexpectedValue...
PHP message: PHP Fatal error:  Uncaught UnexpectedValueException: The stream or file "/srv/http/canvass-ui/storage/logs/laravel.log" could not be opened: failed to open stream: Permission denied in /srv/http/canvass-ui/vendor/monolog/monolog/src/Monolog/Handler/StreamHandler.php:107
Stack trace:
#0 /srv/http/canvass-ui/vendor/monolog/monolog/src/Monolog/Handler/AbstractProcessingHandler.php(37): Monolog\Handler\StreamHandler->write(Array)
#1 /srv/http/canvass-ui/vendor/monolog/monolog/src/Monolog/Logger.php(337): Monolog\Handler\AbstractProcessingHandler->handle(Array)
#2 /srv/http/canvass-ui/vendor/monolog/monolog/src/Monolog/Logger.php(616): Monolog\Logger->addRecord(400, Object(Symfony\Component\Debug\Exception\FatalErrorException), Array)
#3 /srv/http/canvass-ui/vendor/laravel/framework/src/Illuminate/Log/Writer.php(203): Monolog\Logger->error(Object(Symfony\Component\Debug\Exception\FatalErrorException), Array)
#4 /srv/http/canvass-ui
2017/07/22 00:51:41 [error] 13839#13839: *39 FastCGI sent in stderr: "PHP message: PHP Fatal error:  Uncaught UnexpectedValueException: The stream or file "/srv/http/canvass-ui/storage/logs/laravel.log" could not be opened: failed to open stream: Permission denied in /srv/http/canvass-ui/vendor/monolog/monolog/src/Monolog/Handler/StreamHandler.php:107
Stack trace:
#0 /srv/http/canvass-ui/vendor/monolog/monolog/src/Monolog/Handler/AbstractProcessingHandler.php(37): Monolog\Handler\StreamHandler->write(Array)
#1 /srv/http/canvass-ui/vendor/monolog/monolog/src/Monolog/Logger.php(337): Monolog\Handler\AbstractProcessingHandler->handle(Array)
#2 /srv/http/canvass-ui/vendor/monolog/monolog/src/Monolog/Logger.php(616): Monolog\Logger->addRecord(400, Object(UnexpectedValueException), Array)
#3 /srv/http/canvass-ui/vendor/laravel/framework/src/Illuminate/Log/Writer.php(203): Monolog\Logger->error(Object(UnexpectedValueException), Array)
#4 /srv/http/canvass-ui/vendor/laravel/framework/src/Illuminate/Log/Writer.php(114): Illuminate\Log\Writer->writeLog('error', Object(UnexpectedValue...
PHP message: PHP Fatal error:  Uncaught UnexpectedValueException: The stream or file "/srv/http/canvass-ui/storage/logs/laravel.log" could not be opened: failed to open stream: Permission denied in /srv/http/canvass-ui/vendor/monolog/monolog/src/Monolog/Handler/StreamHandler.php:107
Stack trace:
#0 /srv/http/canvass-ui/vendor/monolog/monolog/src/Monolog/Handler/AbstractProcessingHandler.php(37): Monolog\Handler\StreamHandler->write(Array)
#1 /srv/http/canvass-ui/vendor/monolog/monolog/src/Monolog/Logger.php(337): Monolog\Handler\AbstractProcessingHandler->handle(Array)
#2 /srv/http/canvass-ui/vendor/monolog/monolog/src/Monolog/Logger.php(616): Monolog\Logger->addRecord(400, Object(Symfony\Component\Debug\Exception\FatalErrorException), Array)
#3 /srv/http/canvass-ui/vendor/laravel/framework/src/Illuminate/Log/Writer.php(203): Monolog\Logger->error(Object(Symfony\Component\Debug\Exception\FatalErrorException), Array)
#4 /srv/http/canvass-ui
2017/07/22 00:51:41 [error] 13839#13839: *39 FastCGI sent in stderr: "PHP message: PHP Fatal error:  Uncaught UnexpectedValueException: The stream or file "/srv/http/canvass-ui/storage/logs/laravel.log" could not be opened: failed to open stream: Permission denied in /srv/http/canvass-ui/vendor/monolog/monolog/src/Monolog/Handler/StreamHandler.php:107
Stack trace:
#0 /srv/http/canvass-ui/vendor/monolog/monolog/src/Monolog/Handler/AbstractProcessingHandler.php(37): Monolog\Handler\StreamHandler->write(Array)
#1 /srv/http/canvass-ui/vendor/monolog/monolog/src/Monolog/Logger.php(337): Monolog\Handler\AbstractProcessingHandler->handle(Array)
#2 /srv/http/canvass-ui/vendor/monolog/monolog/src/Monolog/Logger.php(616): Monolog\Logger->addRecord(400, Object(UnexpectedValueException), Array)
#3 /srv/http/canvass-ui/vendor/laravel/framework/src/Illuminate/Log/Writer.php(203): Monolog\Logger->error(Object(UnexpectedValueException), Array)
#4 /srv/http/canvass-ui/vendor/laravel/framework/src/Illuminate/Log/Writer.php(114): Illuminate\Log\Writer->writeLog('error', Object(UnexpectedValue...
PHP message: PHP Fatal error:  Uncaught UnexpectedValueException: The stream or file "/srv/http/canvass-ui/storage/logs/laravel.log" could not be opened: failed to open stream: Permission denied in /srv/http/canvass-ui/vendor/monolog/monolog/src/Monolog/Handler/StreamHandler.php:107
Stack trace:
#0 /srv/http/canvass-ui/vendor/monolog/monolog/src/Monolog/Handler/AbstractProcessingHandler.php(37): Monolog\Handler\StreamHandler->write(Array)
#1 /srv/http/canvass-ui/vendor/monolog/monolog/src/Monolog/Logger.php(337): Monolog\Handler\AbstractProcessingHandler->handle(Array)
#2 /srv/http/canvass-ui/vendor/monolog/monolog/src/Monolog/Logger.php(616): Monolog\Logger->addRecord(400, Object(Symfony\Component\Debug\Exception\FatalErrorException), Array)
#3 /srv/http/canvass-ui/vendor/laravel/framework/src/Illuminate/Log/Writer.php(203): Monolog\Logger->error(Object(Symfony\Component\Debug\Exception\FatalErrorException), Array)
#4 /srv/http/canvass-ui
2017/07/22 00:51:42 [error] 13839#13839: *39 FastCGI sent in stderr: "PHP message: PHP Fatal error:  Uncaught UnexpectedValueException: The stream or file "/srv/http/canvass-ui/storage/logs/laravel.log" could not be opened: failed to open stream: Permission denied in /srv/http/canvass-ui/vendor/monolog/monolog/src/Monolog/Handler/StreamHandler.php:107
Stack trace:
#0 /srv/http/canvass-ui/vendor/monolog/monolog/src/Monolog/Handler/AbstractProcessingHandler.php(37): Monolog\Handler\StreamHandler->write(Array)
#1 /srv/http/canvass-ui/vendor/monolog/monolog/src/Monolog/Logger.php(337): Monolog\Handler\AbstractProcessingHandler->handle(Array)
#2 /srv/http/canvass-ui/vendor/monolog/monolog/src/Monolog/Logger.php(616): Monolog\Logger->addRecord(400, Object(UnexpectedValueException), Array)
#3 /srv/http/canvass-ui/vendor/laravel/framework/src/Illuminate/Log/Writer.php(203): Monolog\Logger->error(Object(UnexpectedValueException), Array)
#4 /srv/http/canvass-ui/vendor/laravel/framework/src/Illuminate/Log/Writer.php(114): Illuminate\Log\Writer->writeLog('error', Object(UnexpectedValue...
PHP message: PHP Fatal error:  Uncaught UnexpectedValueException: The stream or file "/srv/http/canvass-ui/storage/logs/laravel.log" could not be opened: failed to open stream: Permission denied in /srv/http/canvass-ui/vendor/monolog/monolog/src/Monolog/Handler/StreamHandler.php:107
Stack trace:
#0 /srv/http/canvass-ui/vendor/monolog/monolog/src/Monolog/Handler/AbstractProcessingHandler.php(37): Monolog\Handler\StreamHandler->write(Array)
#1 /srv/http/canvass-ui/vendor/monolog/monolog/src/Monolog/Logger.php(337): Monolog\Handler\AbstractProcessingHandler->handle(Array)
#2 /srv/http/canvass-ui/vendor/monolog/monolog/src/Monolog/Logger.php(616): Monolog\Logger->addRecord(400, Object(Symfony\Component\Debug\Exception\FatalErrorException), Array)
#3 /srv/http/canvass-ui/vendor/laravel/framework/src/Illuminate/Log/Writer.php(203): Monolog\Logger->error(Object(Symfony\Component\Debug\Exception\FatalErrorException), Array)
#4 /srv/http/canvass-ui
2017/07/22 00:51:42 [error] 13839#13839: *39 FastCGI sent in stderr: "PHP message: PHP Fatal error:  Uncaught UnexpectedValueException: The stream or file "/srv/http/canvass-ui/storage/logs/laravel.log" could not be opened: failed to open stream: Permission denied in /srv/http/canvass-ui/vendor/monolog/monolog/src/Monolog/Handler/StreamHandler.php:107
Stack trace:
#0 /srv/http/canvass-ui/vendor/monolog/monolog/src/Monolog/Handler/AbstractProcessingHandler.php(37): Monolog\Handler\StreamHandler->write(Array)
#1 /srv/http/canvass-ui/vendor/monolog/monolog/src/Monolog/Logger.php(337): Monolog\Handler\AbstractProcessingHandler->handle(Array)
#2 /srv/http/canvass-ui/vendor/monolog/monolog/src/Monolog/Logger.php(616): Monolog\Logger->addRecord(400, Object(UnexpectedValueException), Array)
#3 /srv/http/canvass-ui/vendor/laravel/framework/src/Illuminate/Log/Writer.php(203): Monolog\Logger->error(Object(UnexpectedValueException), Array)
#4 /srv/http/canvass-ui/vendor/laravel/framework/src/Illuminate/Log/Writer.php(114): Illuminate\Log\Writer->writeLog('error', Object(UnexpectedValue...
PHP message: PHP Fatal error:  Uncaught UnexpectedValueException: The stream or file "/srv/http/canvass-ui/storage/logs/laravel.log" could not be opened: failed to open stream: Permission denied in /srv/http/canvass-ui/vendor/monolog/monolog/src/Monolog/Handler/StreamHandler.php:107
Stack trace:
#0 /srv/http/canvass-ui/vendor/monolog/monolog/src/Monolog/Handler/AbstractProcessingHandler.php(37): Monolog\Handler\StreamHandler->write(Array)
#1 /srv/http/canvass-ui/vendor/monolog/monolog/src/Monolog/Logger.php(337): Monolog\Handler\AbstractProcessingHandler->handle(Array)
#2 /srv/http/canvass-ui/vendor/monolog/monolog/src/Monolog/Logger.php(616): Monolog\Logger->addRecord(400, Object(Symfony\Component\Debug\Exception\FatalErrorException), Array)
#3 /srv/http/canvass-ui/vendor/laravel/framework/src/Illuminate/Log/Writer.php(203): Monolog\Logger->error(Object(Symfony\Component\Debug\Exception\FatalErrorException), Array)
#4 /srv/http/canvass-ui
2017/07/22 00:51:42 [error] 13839#13839: *39 FastCGI sent in stderr: "PHP message: PHP Fatal error:  Uncaught UnexpectedValueException: The stream or file "/srv/http/canvass-ui/storage/logs/laravel.log" could not be opened: failed to open stream: Permission denied in /srv/http/canvass-ui/vendor/monolog/monolog/src/Monolog/Handler/StreamHandler.php:107
Stack trace:
#0 /srv/http/canvass-ui/vendor/monolog/monolog/src/Monolog/Handler/AbstractProcessingHandler.php(37): Monolog\Handler\StreamHandler->write(Array)
#1 /srv/http/canvass-ui/vendor/monolog/monolog/src/Monolog/Logger.php(337): Monolog\Handler\AbstractProcessingHandler->handle(Array)
#2 /srv/http/canvass-ui/vendor/monolog/monolog/src/Monolog/Logger.php(616): Monolog\Logger->addRecord(400, Object(UnexpectedValueException), Array)
#3 /srv/http/canvass-ui/vendor/laravel/framework/src/Illuminate/Log/Writer.php(203): Monolog\Logger->error(Object(UnexpectedValueException), Array)
#4 /srv/http/canvass-ui/vendor/laravel/framework/src/Illuminate/Log/Writer.php(114): Illuminate\Log\Writer->writeLog('error', Object(UnexpectedValue...
PHP message: PHP Fatal error:  Uncaught UnexpectedValueException: The stream or file "/srv/http/canvass-ui/storage/logs/laravel.log" could not be opened: failed to open stream: Permission denied in /srv/http/canvass-ui/vendor/monolog/monolog/src/Monolog/Handler/StreamHandler.php:107
Stack trace:
#0 /srv/http/canvass-ui/vendor/monolog/monolog/src/Monolog/Handler/AbstractProcessingHandler.php(37): Monolog\Handler\StreamHandler->write(Array)
#1 /srv/http/canvass-ui/vendor/monolog/monolog/src/Monolog/Logger.php(337): Monolog\Handler\AbstractProcessingHandler->handle(Array)
#2 /srv/http/canvass-ui/vendor/monolog/monolog/src/Monolog/Logger.php(616): Monolog\Logger->addRecord(400, Object(Symfony\Component\Debug\Exception\FatalErrorException), Array)
#3 /srv/http/canvass-ui/vendor/laravel/framework/src/Illuminate/Log/Writer.php(203): Monolog\Logger->error(Object(Symfony\Component\Debug\Exception\FatalErrorException), Array)
#4 /srv/http/canvass-ui
2017/07/22 00:51:42 [error] 13839#13839: *39 FastCGI sent in stderr: "PHP message: PHP Fatal error:  Uncaught UnexpectedValueException: The stream or file "/srv/http/canvass-ui/storage/logs/laravel.log" could not be opened: failed to open stream: Permission denied in /srv/http/canvass-ui/vendor/monolog/monolog/src/Monolog/Handler/StreamHandler.php:107
Stack trace:
#0 /srv/http/canvass-ui/vendor/monolog/monolog/src/Monolog/Handler/AbstractProcessingHandler.php(37): Monolog\Handler\StreamHandler->write(Array)
#1 /srv/http/canvass-ui/vendor/monolog/monolog/src/Monolog/Logger.php(337): Monolog\Handler\AbstractProcessingHandler->handle(Array)
#2 /srv/http/canvass-ui/vendor/monolog/monolog/src/Monolog/Logger.php(616): Monolog\Logger->addRecord(400, Object(UnexpectedValueException), Array)
#3 /srv/http/canvass-ui/vendor/laravel/framework/src/Illuminate/Log/Writer.php(203): Monolog\Logger->error(Object(UnexpectedValueException), Array)
#4 /srv/http/canvass-ui/vendor/laravel/framework/src/Illuminate/Log/Writer.php(114): Illuminate\Log\Writer->writeLog('error', Object(UnexpectedValue...
PHP message: PHP Fatal error:  Uncaught UnexpectedValueException: The stream or file "/srv/http/canvass-ui/storage/logs/laravel.log" could not be opened: failed to open stream: Permission denied in /srv/http/canvass-ui/vendor/monolog/monolog/src/Monolog/Handler/StreamHandler.php:107
Stack trace:
#0 /srv/http/canvass-ui/vendor/monolog/monolog/src/Monolog/Handler/AbstractProcessingHandler.php(37): Monolog\Handler\StreamHandler->write(Array)
#1 /srv/http/canvass-ui/vendor/monolog/monolog/src/Monolog/Logger.php(337): Monolog\Handler\AbstractProcessingHandler->handle(Array)
#2 /srv/http/canvass-ui/vendor/monolog/monolog/src/Monolog/Logger.php(616): Monolog\Logger->addRecord(400, Object(Symfony\Component\Debug\Exception\FatalErrorException), Array)
#3 /srv/http/canvass-ui/vendor/laravel/framework/src/Illuminate/Log/Writer.php(203): Monolog\Logger->error(Object(Symfony\Component\Debug\Exception\FatalErrorException), Array)
#4 /srv/http/canvass-ui
2017/07/22 00:52:59 [error] 13839#13839: *46 FastCGI sent in stderr: "PHP message: PHP Fatal error:  Uncaught UnexpectedValueException: The stream or file "/srv/http/canvass-ui/storage/logs/laravel.log" could not be opened: failed to open stream: Permission denied in /srv/http/canvass-ui/vendor/monolog/monolog/src/Monolog/Handler/StreamHandler.php:107
Stack trace:
#0 /srv/http/canvass-ui/vendor/monolog/monolog/src/Monolog/Handler/AbstractProcessingHandler.php(37): Monolog\Handler\StreamHandler->write(Array)
#1 /srv/http/canvass-ui/vendor/monolog/monolog/src/Monolog/Logger.php(337): Monolog\Handler\AbstractProcessingHandler->handle(Array)
#2 /srv/http/canvass-ui/vendor/monolog/monolog/src/Monolog/Logger.php(616): Monolog\Logger->addRecord(400, Object(UnexpectedValueException), Array)
#3 /srv/http/canvass-ui/vendor/laravel/framework/src/Illuminate/Log/Writer.php(203): Monolog\Logger->error(Object(UnexpectedValueException), Array)
#4 /srv/http/canvass-ui/vendor/laravel/framework/src/Illuminate/Log/Writer.php(114): Illuminate\Log\Writer->writeLog('error', Object(UnexpectedValue...
PHP message: PHP Fatal error:  Uncaught UnexpectedValueException: The stream or file "/srv/http/canvass-ui/storage/logs/laravel.log" could not be opened: failed to open stream: Permission denied in /srv/http/canvass-ui/vendor/monolog/monolog/src/Monolog/Handler/StreamHandler.php:107
Stack trace:
#0 /srv/http/canvass-ui/vendor/monolog/monolog/src/Monolog/Handler/AbstractProcessingHandler.php(37): Monolog\Handler\StreamHandler->write(Array)
#1 /srv/http/canvass-ui/vendor/monolog/monolog/src/Monolog/Logger.php(337): Monolog\Handler\AbstractProcessingHandler->handle(Array)
#2 /srv/http/canvass-ui/vendor/monolog/monolog/src/Monolog/Logger.php(616): Monolog\Logger->addRecord(400, Object(Symfony\Component\Debug\Exception\FatalErrorException), Array)
#3 /srv/http/canvass-ui/vendor/laravel/framework/src/Illuminate/Log/Writer.php(203): Monolog\Logger->error(Object(Symfony\Component\Debug\Exception\FatalErrorException), Array)
#4 /srv/http/canvass-ui
2017/07/22 00:53:02 [error] 13839#13839: *46 FastCGI sent in stderr: "PHP message: PHP Fatal error:  Uncaught UnexpectedValueException: The stream or file "/srv/http/canvass-ui/storage/logs/laravel.log" could not be opened: failed to open stream: Permission denied in /srv/http/canvass-ui/vendor/monolog/monolog/src/Monolog/Handler/StreamHandler.php:107
Stack trace:
#0 /srv/http/canvass-ui/vendor/monolog/monolog/src/Monolog/Handler/AbstractProcessingHandler.php(37): Monolog\Handler\StreamHandler->write(Array)
#1 /srv/http/canvass-ui/vendor/monolog/monolog/src/Monolog/Logger.php(337): Monolog\Handler\AbstractProcessingHandler->handle(Array)
#2 /srv/http/canvass-ui/vendor/monolog/monolog/src/Monolog/Logger.php(616): Monolog\Logger->addRecord(400, Object(UnexpectedValueException), Array)
#3 /srv/http/canvass-ui/vendor/laravel/framework/src/Illuminate/Log/Writer.php(203): Monolog\Logger->error(Object(UnexpectedValueException), Array)
#4 /srv/http/canvass-ui/vendor/laravel/framework/src/Illuminate/Log/Writer.php(114): Illuminate\Log\Writer->writeLog('error', Object(UnexpectedValue...
PHP message: PHP Fatal error:  Uncaught UnexpectedValueException: The stream or file "/srv/http/canvass-ui/storage/logs/laravel.log" could not be opened: failed to open stream: Permission denied in /srv/http/canvass-ui/vendor/monolog/monolog/src/Monolog/Handler/StreamHandler.php:107
Stack trace:
#0 /srv/http/canvass-ui/vendor/monolog/monolog/src/Monolog/Handler/AbstractProcessingHandler.php(37): Monolog\Handler\StreamHandler->write(Array)
#1 /srv/http/canvass-ui/vendor/monolog/monolog/src/Monolog/Logger.php(337): Monolog\Handler\AbstractProcessingHandler->handle(Array)
#2 /srv/http/canvass-ui/vendor/monolog/monolog/src/Monolog/Logger.php(616): Monolog\Logger->addRecord(400, Object(Symfony\Component\Debug\Exception\FatalErrorException), Array)
#3 /srv/http/canvass-ui/vendor/laravel/framework/src/Illuminate/Log/Writer.php(203): Monolog\Logger->error(Object(Symfony\Component\Debug\Exception\FatalErrorException), Array)
#4 /srv/http/canvass-ui
2017/07/22 00:53:03 [error] 13839#13839: *46 FastCGI sent in stderr: "PHP message: PHP Fatal error:  Uncaught UnexpectedValueException: The stream or file "/srv/http/canvass-ui/storage/logs/laravel.log" could not be opened: failed to open stream: Permission denied in /srv/http/canvass-ui/vendor/monolog/monolog/src/Monolog/Handler/StreamHandler.php:107
Stack trace:
#0 /srv/http/canvass-ui/vendor/monolog/monolog/src/Monolog/Handler/AbstractProcessingHandler.php(37): Monolog\Handler\StreamHandler->write(Array)
#1 /srv/http/canvass-ui/vendor/monolog/monolog/src/Monolog/Logger.php(337): Monolog\Handler\AbstractProcessingHandler->handle(Array)
#2 /srv/http/canvass-ui/vendor/monolog/monolog/src/Monolog/Logger.php(616): Monolog\Logger->addRecord(400, Object(UnexpectedValueException), Array)
#3 /srv/http/canvass-ui/vendor/laravel/framework/src/Illuminate/Log/Writer.php(203): Monolog\Logger->error(Object(UnexpectedValueException), Array)
#4 /srv/http/canvass-ui/vendor/laravel/framework/src/Illuminate/Log/Writer.php(114): Illuminate\Log\Writer->writeLog('error', Object(UnexpectedValue...
PHP message: PHP Fatal error:  Uncaught UnexpectedValueException: The stream or file "/srv/http/canvass-ui/storage/logs/laravel.log" could not be opened: failed to open stream: Permission denied in /srv/http/canvass-ui/vendor/monolog/monolog/src/Monolog/Handler/StreamHandler.php:107
Stack trace:
#0 /srv/http/canvass-ui/vendor/monolog/monolog/src/Monolog/Handler/AbstractProcessingHandler.php(37): Monolog\Handler\StreamHandler->write(Array)
#1 /srv/http/canvass-ui/vendor/monolog/monolog/src/Monolog/Logger.php(337): Monolog\Handler\AbstractProcessingHandler->handle(Array)
#2 /srv/http/canvass-ui/vendor/monolog/monolog/src/Monolog/Logger.php(616): Monolog\Logger->addRecord(400, Object(Symfony\Component\Debug\Exception\FatalErrorException), Array)
#3 /srv/http/canvass-ui/vendor/laravel/framework/src/Illuminate/Log/Writer.php(203): Monolog\Logger->error(Object(Symfony\Component\Debug\Exception\FatalErrorException), Array)
#4 /srv/http/canvass-ui
2017/07/22 00:53:04 [error] 13839#13839: *46 FastCGI sent in stderr: "PHP message: PHP Fatal error:  Uncaught UnexpectedValueException: The stream or file "/srv/http/canvass-ui/storage/logs/laravel.log" could not be opened: failed to open stream: Permission denied in /srv/http/canvass-ui/vendor/monolog/monolog/src/Monolog/Handler/StreamHandler.php:107
Stack trace:
#0 /srv/http/canvass-ui/vendor/monolog/monolog/src/Monolog/Handler/AbstractProcessingHandler.php(37): Monolog\Handler\StreamHandler->write(Array)
#1 /srv/http/canvass-ui/vendor/monolog/monolog/src/Monolog/Logger.php(337): Monolog\Handler\AbstractProcessingHandler->handle(Array)
#2 /srv/http/canvass-ui/vendor/monolog/monolog/src/Monolog/Logger.php(616): Monolog\Logger->addRecord(400, Object(UnexpectedValueException), Array)
#3 /srv/http/canvass-ui/vendor/laravel/framework/src/Illuminate/Log/Writer.php(203): Monolog\Logger->error(Object(UnexpectedValueException), Array)
#4 /srv/http/canvass-ui/vendor/laravel/framework/src/Illuminate/Log/Writer.php(114): Illuminate\Log\Writer->writeLog('error', Object(UnexpectedValue...
PHP message: PHP Fatal error:  Uncaught UnexpectedValueException: The stream or file "/srv/http/canvass-ui/storage/logs/laravel.log" could not be opened: failed to open stream: Permission denied in /srv/http/canvass-ui/vendor/monolog/monolog/src/Monolog/Handler/StreamHandler.php:107
Stack trace:
#0 /srv/http/canvass-ui/vendor/monolog/monolog/src/Monolog/Handler/AbstractProcessingHandler.php(37): Monolog\Handler\StreamHandler->write(Array)
#1 /srv/http/canvass-ui/vendor/monolog/monolog/src/Monolog/Logger.php(337): Monolog\Handler\AbstractProcessingHandler->handle(Array)
#2 /srv/http/canvass-ui/vendor/monolog/monolog/src/Monolog/Logger.php(616): Monolog\Logger->addRecord(400, Object(Symfony\Component\Debug\Exception\FatalErrorException), Array)
#3 /srv/http/canvass-ui/vendor/laravel/framework/src/Illuminate/Log/Writer.php(203): Monolog\Logger->error(Object(Symfony\Component\Debug\Exception\FatalErrorException), Array)
#4 /srv/http/canvass-ui
